[arm1k.github.io/index.html]
[arm1k.github.io/chrome-extension_/obkfjhifkbhimlocpddgamonjihinpak/script/safebrowse.js]
[backblue.gif]
[fade.gif]
[index.html]
[arm1k.github.io/css/main.css]
[arm1k.github.io/css/animate.css]
[arm1k.github.io/css/css]
[arm1k.github.io/css/css(1)]
[arm1k.github.io/css/text.css]
[arm1k.github.io/giphy.gif]
[arm1k.github.io/Logo.png]
[arm1k.github.io/programs]
[arm1k.github.io/dox]
[arm1k.github.io/shop]
[arm1k.github.io/index.html]
[arm1k.github.io/chrome-extension_/obkfjhifkbhimlocpddgamonjihinpak/script/safebrowse.html]
[arm1k.github.io/css/bg.jpg]
[arm1k.github.io/css/main.css]
[arm1k.github.io/css/animate.css]
[arm1k.github.io/css/css(1).html]
[arm1k.github.io/css/text.html]
[arm1k.github.io/programs.html]
[arm1k.github.io/dox.html]
[arm1k.github.io/shop.html]
[arm1k.github.io/css/bg.html]
